C:\depot\igl_repository\AutoDOF\Code\skinning\skinning_pc\skinning_pc\x64\Debug\arap_dof.obj
C:\depot\igl_repository\AutoDOF\Code\skinning\skinning_pc\skinning_pc\x64\Debug\Bone.obj
C:\depot\igl_repository\AutoDOF\Code\skinning\skinning_pc\skinning_pc\x64\Debug\BoneBoneCopyMap.obj
C:\depot\igl_repository\AutoDOF\Code\skinning\skinning_pc\skinning_pc\x64\Debug\CL.10296.read.1.tlog
C:\depot\igl_repository\AutoDOF\Code\skinning\skinning_pc\skinning_pc\x64\Debug\CL.10296.write.1.tlog
C:\depot\igl_repository\AutoDOF\Code\skinning\skinning_pc\skinning_pc\x64\Debug\CL.10376.read.1.tlog
C:\depot\igl_repository\AutoDOF\Code\skinning\skinning_pc\skinning_pc\x64\Debug\CL.10376.write.1.tlog
C:\depot\igl_repository\AutoDOF\Code\skinning\skinning_pc\skinning_pc\x64\Debug\CL.1040.read.1.tlog
C:\depot\igl_repository\AutoDOF\Code\skinning\skinning_pc\skinning_pc\x64\Debug\CL.1040.write.1.tlog
C:\depot\igl_repository\AutoDOF\Code\skinning\skinning_pc\skinning_pc\x64\Debug\CL.11072.read.1.tlog
C:\depot\igl_repository\AutoDOF\Code\skinning\skinning_pc\skinning_pc\x64\Debug\CL.11072.write.1.tlog
C:\depot\igl_repository\AutoDOF\Code\skinning\skinning_pc\skinning_pc\x64\Debug\CL.11104.read.1.tlog
C:\depot\igl_repository\AutoDOF\Code\skinning\skinning_pc\skinning_pc\x64\Debug\CL.11104.write.1.tlog
C:\depot\igl_repository\AutoDOF\Code\skinning\skinning_pc\skinning_pc\x64\Debug\CL.7424.read.1.tlog
C:\depot\igl_repository\AutoDOF\Code\skinning\skinning_pc\skinning_pc\x64\Debug\CL.7424.write.1.tlog
C:\depot\igl_repository\AutoDOF\Code\skinning\skinning_pc\skinning_pc\x64\Debug\CL.7488.read.1.tlog
C:\depot\igl_repository\AutoDOF\Code\skinning\skinning_pc\skinning_pc\x64\Debug\CL.7488.write.1.tlog
C:\depot\igl_repository\AutoDOF\Code\skinning\skinning_pc\skinning_pc\x64\Debug\CL.8272.read.1.tlog
C:\depot\igl_repository\AutoDOF\Code\skinning\skinning_pc\skinning_pc\x64\Debug\CL.8272.write.1.tlog
C:\depot\igl_repository\AutoDOF\Code\skinning\skinning_pc\skinning_pc\x64\Debug\CL.8936.read.1.tlog
C:\depot\igl_repository\AutoDOF\Code\skinning\skinning_pc\skinning_pc\x64\Debug\CL.8936.write.1.tlog
C:\depot\igl_repository\AutoDOF\Code\skinning\skinning_pc\skinning_pc\x64\Debug\CL.9352.read.1.tlog
C:\depot\igl_repository\AutoDOF\Code\skinning\skinning_pc\skinning_pc\x64\Debug\CL.9352.write.1.tlog
C:\depot\igl_repository\AutoDOF\Code\skinning\skinning_pc\skinning_pc\x64\Debug\CL.9420.read.1.tlog
C:\depot\igl_repository\AutoDOF\Code\skinning\skinning_pc\skinning_pc\x64\Debug\CL.9420.write.1.tlog
C:\depot\igl_repository\AutoDOF\Code\skinning\skinning_pc\skinning_pc\x64\Debug\cl.command.1.tlog
C:\depot\igl_repository\AutoDOF\Code\skinning\skinning_pc\skinning_pc\x64\Debug\CL.read.1.tlog
C:\depot\igl_repository\AutoDOF\Code\skinning\skinning_pc\skinning_pc\x64\Debug\cl.write.1.tlog
C:\depot\igl_repository\AutoDOF\Code\skinning\skinning_pc\skinning_pc\x64\Debug\link.9212.read.1.tlog
C:\depot\igl_repository\AutoDOF\Code\skinning\skinning_pc\skinning_pc\x64\Debug\link.9212.write.1.tlog
C:\depot\igl_repository\AutoDOF\Code\skinning\skinning_pc\skinning_pc\x64\Debug\link.9212-cvtres.read.1.tlog
C:\depot\igl_repository\AutoDOF\Code\skinning\skinning_pc\skinning_pc\x64\Debug\link.9212-cvtres.write.1.tlog
C:\depot\igl_repository\AutoDOF\Code\skinning\skinning_pc\skinning_pc\x64\Debug\link.command.1.tlog
C:\depot\igl_repository\AutoDOF\Code\skinning\skinning_pc\skinning_pc\x64\Debug\link.read.1.tlog
C:\depot\igl_repository\AutoDOF\Code\skinning\skinning_pc\skinning_pc\x64\Debug\link.write.1.tlog
C:\depot\igl_repository\AutoDOF\Code\skinning\skinning_pc\skinning_pc\x64\Debug\link-cvtres.read.1.tlog
C:\depot\igl_repository\AutoDOF\Code\skinning\skinning_pc\skinning_pc\x64\Debug\link-cvtres.write.1.tlog
C:\depot\igl_repository\AutoDOF\Code\skinning\skinning_pc\skinning_pc\x64\Debug\main.obj
C:\depot\igl_repository\AutoDOF\Code\skinning\skinning_pc\skinning_pc\x64\Debug\malloc.obj
C:\depot\igl_repository\AutoDOF\Code\skinning\skinning_pc\skinning_pc\x64\Debug\mt.command.1.tlog
C:\depot\igl_repository\AutoDOF\Code\skinning\skinning_pc\skinning_pc\x64\Debug\mt.read.1.tlog
C:\depot\igl_repository\AutoDOF\Code\skinning\skinning_pc\skinning_pc\x64\Debug\mt.write.1.tlog
C:\depot\igl_repository\AutoDOF\Code\skinning\skinning_pc\skinning_pc\x64\Debug\MT19937F.obj
C:\depot\igl_repository\AutoDOF\Code\skinning\skinning_pc\skinning_pc\x64\Debug\newdel.obj
C:\depot\igl_repository\AutoDOF\Code\skinning\skinning_pc\skinning_pc\x64\Debug\rc.command.1.tlog
C:\depot\igl_repository\AutoDOF\Code\skinning\skinning_pc\skinning_pc\x64\Debug\rc.read.1.tlog
C:\depot\igl_repository\AutoDOF\Code\skinning\skinning_pc\skinning_pc\x64\Debug\rc.write.1.tlog
C:\depot\igl_repository\AutoDOF\Code\skinning\skinning_pc\skinning_pc\x64\Debug\Skinning.obj
C:\DEPOT\IGL_REPOSITORY\AUTODOF\CODE\SKINNING\SKINNING_PC\SKINNING_PC\X64\DEBUG\SKINNING_PC.EXE.EMBED.MANIFEST
C:\DEPOT\IGL_REPOSITORY\AUTODOF\CODE\SKINNING\SKINNING_PC\SKINNING_PC\X64\DEBUG\SKINNING_PC.EXE.EMBED.MANIFEST.RES
C:\DEPOT\IGL_REPOSITORY\AUTODOF\CODE\SKINNING\SKINNING_PC\SKINNING_PC\X64\DEBUG\SKINNING_PC.EXE.INTERMEDIATE.MANIFEST
C:\depot\igl_repository\AutoDOF\Code\skinning\skinning_pc\skinning_pc\x64\Debug\skinning_pc_manifest.rc
C:\depot\igl_repository\AutoDOF\Code\skinning\skinning_pc\skinning_pc\x64\Debug\SkinningCallback.obj
C:\depot\igl_repository\AutoDOF\Code\skinning\skinning_pc\skinning_pc\x64\Debug\tga.obj
C:\DEPOT\IGL_REPOSITORY\AUTODOF\CODE\SKINNING\SKINNING_PC\SKINNING_PC\X64\DEBUG\VC100.PDB
C:\DEPOT\IGL_REPOSITORY\AUTODOF\CODE\SKINNING\SKINNING_PC\SKINNING_PC\X64\DEBUG\WUNDERSVD3X3.OBJ
C:\DEPOT\IGL_REPOSITORY\AUTODOF\CODE\SKINNING\SKINNING_PC\SKINNING_PC\X64\DEBUG\WUNDERSVD3X3_AVX.OBJ
C:\DEPOT\IGL_REPOSITORY\AUTODOF\CODE\SKINNING\SKINNING_PC\SKINNING_PC\X64\DEBUG\WUNDERSVD3X3_SSE.OBJ
C:\DEPOT\IGL_REPOSITORY\AUTODOF\CODE\SKINNING\SKINNING_PC\X64\DEBUG\SKINNING_PC.EXE
C:\DEPOT\IGL_REPOSITORY\AUTODOF\CODE\SKINNING\SKINNING_PC\X64\DEBUG\SKINNING_PC.ILK
C:\DEPOT\IGL_REPOSITORY\AUTODOF\CODE\SKINNING\SKINNING_PC\X64\DEBUG\SKINNING_PC.PDB
